<?xml version="1.0" encoding="UTF-8"?>
<!-- Generated by org.testng.reporters.JUnitReportReporter -->
<testsuite hostname="IN04186" failures="0" tests="3" name="com.sct.qa.testcases.UserPageTest" time="137.257" errors="0" timestamp="08 Sep 2019 08:40:53 GMT" skipped="0">
  <testcase classname="com.sct.qa.testcases.UserPageTest" name="mouseHoverPfName" time="41.797"/>
  <testcase classname="com.sct.qa.testcases.UserPageTest" name="getUserNameTest" time="64.969"/>
  <testcase classname="com.sct.qa.testcases.UserPageTest" name="verifyUserPageTitleTest" time="30.491"/>
</testsuite> <!-- com.sct.qa.testcases.UserPageTest -->
