<?xml version="1.0" encoding="UTF-8"?>
<!-- Generated by org.testng.reporters.JUnitReportReporter -->
<testsuite hostname="IN04186" failures="0" tests="1" name="com.sct.qa.testcases.HomePageTest" time="96.951" errors="0" timestamp="05 Sep 2019 11:49:40 GMT" skipped="0">
  <testcase classname="com.sct.qa.testcases.HomePageTest" name="validateHomePageTitleTest" time="96.951"/>
</testsuite> <!-- com.sct.qa.testcases.HomePageTest -->
