<?xml version="1.0" encoding="UTF-8"?>
<!-- Generated by org.testng.reporters.JUnitReportReporter -->
<testsuite hostname="IN04186" failures="0" tests="3" name="com.sct.qa.testcases.HomePageTest" time="50.964" errors="0" timestamp="04 Sep 2019 18:11:39 GMT" skipped="0">
  <testcase classname="com.sct.qa.testcases.HomePageTest" name="validateHomePageTitleTest" time="15.149"/>
  <testcase classname="com.sct.qa.testcases.HomePageTest" name="validateLogoTest" time="18.018"/>
  <testcase classname="com.sct.qa.testcases.HomePageTest" name="logiTest" time="17.797"/>
</testsuite> <!-- com.sct.qa.testcases.HomePageTest -->
