<?xml version="1.0" encoding="UTF-8"?>
<!-- Generated by org.testng.reporters.JUnitReportReporter -->
<testsuite skipped="0" hostname="IN04186" name="com.sct.qa.testcases.HomePageTest" tests="3" failures="0" timestamp="18 Oct 2019 11:42:38 GMT" time="105.818" errors="0">
  <testcase name="validateHomePageTitleTest" time="37.646" classname="com.sct.qa.testcases.HomePageTest"/>
  <testcase name="validateLogoTest" time="23.445" classname="com.sct.qa.testcases.HomePageTest"/>
  <testcase name="logiTest" time="44.727" classname="com.sct.qa.testcases.HomePageTest"/>
</testsuite> <!-- com.sct.qa.testcases.HomePageTest -->
