<?xml version="1.0" encoding="UTF-8"?>
<!-- Generated by org.testng.reporters.JUnitReportReporter -->
<testsuite hostname="IN04186" failures="0" tests="3" name="com.sct.qa.testcases.HomePageTest" time="55.928" errors="0" timestamp="02 Sep 2019 05:06:36 GMT" skipped="0">
  <testcase classname="com.sct.qa.testcases.HomePageTest" name="validateHomePageTitleTest" time="24.609"/>
  <testcase classname="com.sct.qa.testcases.HomePageTest" name="validateLogoTest" time="13.423"/>
  <testcase classname="com.sct.qa.testcases.HomePageTest" name="logiTest" time="17.896"/>
</testsuite> <!-- com.sct.qa.testcases.HomePageTest -->
