<?xml version="1.0" encoding="UTF-8"?>
<!-- Generated by org.testng.reporters.JUnitReportReporter -->
<testsuite hostname="IN04186" failures="0" tests="3" name="com.sct.qa.testcases.UserPageTest" time="93.791" errors="0" timestamp="01 Oct 2019 12:29:39 GMT" skipped="0">
  <testcase classname="com.sct.qa.testcases.UserPageTest" name="mouseHoverPfName" time="32.096"/>
  <testcase classname="com.sct.qa.testcases.UserPageTest" name="verifyUserPageTitleTest" time="24.305"/>
  <testcase classname="com.sct.qa.testcases.UserPageTest" name="getUserNameTest" time="37.390"/>
</testsuite> <!-- com.sct.qa.testcases.UserPageTest -->
